==16796== Memcheck, a memory error detector
==16796== Copyright (C) 2002-2017, and GNU GPL'd, by Julian Seward et al.
==16796== Using Valgrind-3.18.1 and LibVEX; rerun with -h for copyright info
==16796== Command: ./fdf-linux maps/42.fdf
==16796== Parent PID: 16795
==16796== 
==16796== 
==16796== HEAP SUMMARY:
==16796==     in use at exit: 87,601 bytes in 119 blocks
==16796==   total heap usage: 3,522 allocs, 3,403 frees, 226,515 bytes allocated
==16796== 
==16796== LEAK SUMMARY:
==16796==    definitely lost: 0 bytes in 0 blocks
==16796==    indirectly lost: 0 bytes in 0 blocks
==16796==      possibly lost: 0 bytes in 0 blocks
==16796==    still reachable: 87,601 bytes in 119 blocks
==16796==         suppressed: 0 bytes in 0 blocks
==16796== Reachable blocks (those to which a pointer was found) are not shown.
==16796== To see them, rerun with: --leak-check=full --show-leak-kinds=all
==16796== 
==16796== For lists of detected and suppressed errors, rerun with: -s
==16796== ERROR SUMMARY: 0 errors from 0 contexts (suppressed: 52 from 1)
